Using pre-set license
Built from '2021.1/staging' branch; Version is '2021.1.3f1 (4bef613afd59) revision 4976481'; Using compiler version '192528614'; Build Type 'Release'
OS: 'Windows 10 Home; OS build 19041.928; Version 2004; 64bit' Language: 'fr' Physical Memory: 16343 MB
BatchMode: 1, IsHumanControllingUs: 0, StartBugReporterOnCrash: 0, Is64bit: 1, IsPro: 0

 COMMAND LINE ARGUMENTS:
C:\Program Files\Unity\Hub\Editor\2021.1.3f1\Editor\Unity.exe
-adb2
-batchMode
-noUpm
-name
AssetImportWorker0
-projectPath
C:/Users/Matthew/Documents/Prog. Session 3/GameMonkey
-logFile
Logs/AssetImportWorker0.log
-srvPort
51969
Successfully changed project path to: C:/Users/Matthew/Documents/Prog. Session 3/GameMonkey
C:/Users/Matthew/Documents/Prog. Session 3/GameMonkey
Using Asset Import Pipeline V2.
Refreshing native plugins compatible for Editor in 270.68 ms, found 0 plugins.
Preloading 0 native plugins for Editor in 0.00 ms.
Initialize engine version: 2021.1.3f1 (4bef613afd59)
[Subsystems] Discovering subsystems at path C:/Program Files/Unity/Hub/Editor/2021.1.3f1/Editor/Data/Resources/UnitySubsystems
[Subsystems] Discovering subsystems at path C:/Users/Matthew/Documents/Prog. Session 3/GameMonkey/Assets
GfxDevice: creating device client; threaded=0; jobified=0
Direct3D:
    Version:  Direct3D 11.0 [level 11.1]
    Renderer: NVIDIA GeForce GTX 1050 Ti (ID=0x1c82)
    Vendor:   NVIDIA
    VRAM:     4018 MB
    Driver:   27.21.14.5709
Initialize mono
Mono path[0] = 'C:/Program Files/Unity/Hub/Editor/2021.1.3f1/Editor/Data/Managed'
Mono path[1] = 'C:/Program Files/Unity/Hub/Editor/2021.1.3f1/Editor/Data/MonoBleedingEdge/lib/mono/unityjit'
Mono config path = 'C:/Program Files/Unity/Hub/Editor/2021.1.3f1/Editor/Data/MonoBleedingEdge/etc'
Using monoOptions --debugger-agent=transport=dt_socket,embedding=1,server=y,suspend=n,address=127.0.0.1:56512
Begin MonoManager ReloadAssembly
Registering precompiled unity dll's ...
Register platform support module: C:/Program Files/Unity/Hub/Editor/2021.1.3f1/Editor/Data/PlaybackEngines/WindowsStandaloneSupport/UnityEditor.WindowsStandalone.Extensions.dll
Registered in 0.007285 seconds.
Native extension for WindowsStandalone target not found
Refreshing native plugins compatible for Editor in 93.91 ms, found 0 plugins.
Preloading 0 native plugins for Editor in 0.00 ms.
Mono: successfully reloaded assembly
- Completed reload, in  3.899 seconds
Platform modules already initialized, skipping
Registering precompiled user dll's ...
Registered in 0.003603 seconds.
Begin MonoManager ReloadAssembly
Native extension for WindowsStandalone target not found
Refreshing native plugins compatible for Editor in 4.03 ms, found 0 plugins.
Preloading 0 native plugins for Editor in 0.00 ms.
Mono: successfully reloaded assembly
- Completed reload, in  2.439 seconds
Platform modules already initialized, skipping
========================================================================
Worker process is ready to serve import requests
Launched and connected shader compiler UnityShaderCompiler.exe after 0.10 seconds
Refreshing native plugins compatible for Editor in 0.39 ms, found 0 plugins.
Preloading 0 native plugins for Editor in 0.00 ms.
Unloading 1184 Unused Serialized files (Serialized files now loaded: 0)
System memory in use before: 67.8 MB.
System memory in use after: 67.9 MB.

Unloading 9 unused Assets to reduce memory usage. Loaded Objects now: 1658.
Total: 6.870800 ms (FindLiveObjects: 0.296000 ms CreateObjectMapping: 0.304500 ms MarkObjects: 6.187300 ms  DeleteObjects: 0.081300 ms)

========================================================================
Received Prepare
Registering precompiled user dll's ...
Registered in 0.001165 seconds.
Begin MonoManager ReloadAssembly
Native extension for WindowsStandalone target not found
Refreshing native plugins compatible for Editor in 0.29 ms, found 0 plugins.
Preloading 0 native plugins for Editor in 0.00 ms.
Mono: successfully reloaded assembly
- Completed reload, in  2.293 seconds
Platform modules already initialized, skipping
Refreshing native plugins compatible for Editor in 0.34 ms, found 0 plugins.
Preloading 0 native plugins for Editor in 0.00 ms.
Unloading 1179 Unused Serialized files (Serialized files now loaded: 0)
System memory in use before: 67.7 MB.
System memory in use after: 67.8 MB.

Unloading 4 unused Assets to reduce memory usage. Loaded Objects now: 1661.
Total: 3.736600 ms (FindLiveObjects: 0.579500 ms CreateObjectMapping: 0.450200 ms MarkObjects: 2.686700 ms  DeleteObjects: 0.018600 ms)

========================================================================
Received Import Request.
  path: Assets/Scripts/PlayerScripts/PickDropScript.cs
  artifactKey: Guid(733b0be28614ce546a50da9a7f0a7f85) Importer(815301076,1909f56bfc062723c751e8b465ee728b)
Start importing Assets/Scripts/PlayerScripts/PickDropScript.cs using Guid(733b0be28614ce546a50da9a7f0a7f85) Importer(815301076,1909f56bfc062723c751e8b465ee728b)  -> (artifact id: '89bd353cd9006bc7569dcd6131feb1b7') in 0.072551 seconds 
========================================================================
Received Import Request.
  Time since last request: 7.537772 seconds.
  path: Assets/Prefabs/AK-47.prefab
  artifactKey: Guid(3022575ccacdbed4e8eddb2d30d3325c) Importer(815301076,1909f56bfc062723c751e8b465ee728b)
Start importing Assets/Prefabs/AK-47.prefab using Guid(3022575ccacdbed4e8eddb2d30d3325c) Importer(815301076,1909f56bfc062723c751e8b465ee728b)  -> (artifact id: '4ea8189f6291a34cb26d20c126e55f5d') in 0.172143 seconds 
========================================================================
Received Import Request.
  Time since last request: 0.000221 seconds.
  path: Assets/Prefabs/Machine gun.prefab
  artifactKey: Guid(57f2eae33b1a75e4b8057f350f0c4343) Importer(815301076,1909f56bfc062723c751e8b465ee728b)
Start importing Assets/Prefabs/Machine gun.prefab using Guid(57f2eae33b1a75e4b8057f350f0c4343) Importer(815301076,1909f56bfc062723c751e8b465ee728b)  -> (artifact id: '693d4acdd68e0790b6858e33261afd65') in 0.054969 seconds 
========================================================================
Received Prepare
Registering precompiled user dll's ...
Registered in 0.001334 seconds.
Begin MonoManager ReloadAssembly
Native extension for WindowsStandalone target not found
Refreshing native plugins compatible for Editor in 0.61 ms, found 0 plugins.
Preloading 0 native plugins for Editor in 0.00 ms.
Mono: successfully reloaded assembly
- Completed reload, in  2.209 seconds
Platform modules already initialized, skipping
Refreshing native plugins compatible for Editor in 0.26 ms, found 0 plugins.
Preloading 0 native plugins for Editor in 0.00 ms.
Unloading 1179 Unused Serialized files (Serialized files now loaded: 0)
System memory in use before: 71.6 MB.
System memory in use after: 71.7 MB.

Unloading 5 unused Assets to reduce memory usage. Loaded Objects now: 1673.
Total: 1.656200 ms (FindLiveObjects: 0.117800 ms CreateObjectMapping: 0.038700 ms MarkObjects: 1.478000 ms  DeleteObjects: 0.020600 ms)

========================================================================
Received Import Request.
  Time since last request: 38.029997 seconds.
  path: Assets/Prefabs/AK-47.prefab
  artifactKey: Guid(3022575ccacdbed4e8eddb2d30d3325c) Importer(815301076,1909f56bfc062723c751e8b465ee728b)
Start importing Assets/Prefabs/AK-47.prefab using Guid(3022575ccacdbed4e8eddb2d30d3325c) Importer(815301076,1909f56bfc062723c751e8b465ee728b)  -> (artifact id: 'bfd299d5dc332b8bc28589c8f992de48') in 0.115986 seconds 
========================================================================
Received Import Request.
  Time since last request: 0.000300 seconds.
  path: Assets/Prefabs/Machine gun.prefab
  artifactKey: Guid(57f2eae33b1a75e4b8057f350f0c4343) Importer(815301076,1909f56bfc062723c751e8b465ee728b)
Start importing Assets/Prefabs/Machine gun.prefab using Guid(57f2eae33b1a75e4b8057f350f0c4343) Importer(815301076,1909f56bfc062723c751e8b465ee728b)  -> (artifact id: '30b8611f190aaef019482c044c98ae09') in 0.031437 seconds 
========================================================================
Received Import Request.
  Time since last request: 2.732324 seconds.
  path: Assets/Prefabs/MONKEY.prefab
  artifactKey: Guid(d323fc18d7f7cbb4d971d8250d723165) Importer(815301076,1909f56bfc062723c751e8b465ee728b)
Start importing Assets/Prefabs/MONKEY.prefab using Guid(d323fc18d7f7cbb4d971d8250d723165) Importer(815301076,1909f56bfc062723c751e8b465ee728b)  -> (artifact id: 'c4a528000f5648c4f32e0d7f9ea8c8f4') in 0.052965 seconds 
========================================================================
Received Import Request.
  Time since last request: 8.184701 seconds.
  path: Assets/Prefabs/MONKEY.prefab
  artifactKey: Guid(d323fc18d7f7cbb4d971d8250d723165) Importer(815301076,1909f56bfc062723c751e8b465ee728b)
Start importing Assets/Prefabs/MONKEY.prefab using Guid(d323fc18d7f7cbb4d971d8250d723165) Importer(815301076,1909f56bfc062723c751e8b465ee728b)  -> (artifact id: '2dff4d7242a547c6efe1392c9dae808a') in 0.029810 seconds 
========================================================================
Received Import Request.
  Time since last request: 1.781295 seconds.
  path: Assets/Prefabs/MONKEY.prefab
  artifactKey: Guid(d323fc18d7f7cbb4d971d8250d723165) Importer(815301076,1909f56bfc062723c751e8b465ee728b)
Start importing Assets/Prefabs/MONKEY.prefab using Guid(d323fc18d7f7cbb4d971d8250d723165) Importer(815301076,1909f56bfc062723c751e8b465ee728b)  -> (artifact id: '29c7a51fdbfa5a981bffcb69c4fb131e') in 0.042426 seconds 
========================================================================
Received Import Request.
  Time since last request: 5.194702 seconds.
  path: Assets/Prefabs/MONKEY.prefab
  artifactKey: Guid(d323fc18d7f7cbb4d971d8250d723165) Importer(815301076,1909f56bfc062723c751e8b465ee728b)
Start importing Assets/Prefabs/MONKEY.prefab using Guid(d323fc18d7f7cbb4d971d8250d723165) Importer(815301076,1909f56bfc062723c751e8b465ee728b)  -> (artifact id: '663f597b1791dc0fdf2b364725334386') in 0.035186 seconds 
========================================================================
Received Import Request.
  Time since last request: 0.976094 seconds.
  path: Assets/Prefabs/MONKEY.prefab
  artifactKey: Guid(d323fc18d7f7cbb4d971d8250d723165) Importer(815301076,1909f56bfc062723c751e8b465ee728b)
Start importing Assets/Prefabs/MONKEY.prefab using Guid(d323fc18d7f7cbb4d971d8250d723165) Importer(815301076,1909f56bfc062723c751e8b465ee728b)  -> (artifact id: '78fde7408c841a245f4b9613b590b8a6') in 0.049013 seconds 
========================================================================
Received Import Request.
  Time since last request: 7.626643 seconds.
  path: Assets/Prefabs/MONKEY.prefab
  artifactKey: Guid(d323fc18d7f7cbb4d971d8250d723165) Importer(815301076,1909f56bfc062723c751e8b465ee728b)
Start importing Assets/Prefabs/MONKEY.prefab using Guid(d323fc18d7f7cbb4d971d8250d723165) Importer(815301076,1909f56bfc062723c751e8b465ee728b)  -> (artifact id: 'd0b67c2015fc6a1efca60f0204d6ab41') in 0.047155 seconds 
========================================================================
Received Import Request.
  Time since last request: 9.935745 seconds.
  path: Assets/Prefabs/MONKEY.prefab
  artifactKey: Guid(d323fc18d7f7cbb4d971d8250d723165) Importer(815301076,1909f56bfc062723c751e8b465ee728b)
Start importing Assets/Prefabs/MONKEY.prefab using Guid(d323fc18d7f7cbb4d971d8250d723165) Importer(815301076,1909f56bfc062723c751e8b465ee728b)  -> (artifact id: 'eaa90089e9fbbfc845da66aad02613c6') in 0.108678 seconds 
========================================================================
Received Prepare
Registering precompiled user dll's ...
Registered in 0.004756 seconds.
Begin MonoManager ReloadAssembly
Native extension for WindowsStandalone target not found
Refreshing native plugins compatible for Editor in 0.71 ms, found 0 plugins.
Preloading 0 native plugins for Editor in 0.00 ms.
Mono: successfully reloaded assembly
- Completed reload, in  2.899 seconds
Platform modules already initialized, skipping
Refreshing native plugins compatible for Editor in 0.40 ms, found 0 plugins.
Preloading 0 native plugins for Editor in 0.00 ms.
Unloading 1179 Unused Serialized files (Serialized files now loaded: 0)
System memory in use before: 71.7 MB.
System memory in use after: 71.7 MB.

Unloading 5 unused Assets to reduce memory usage. Loaded Objects now: 1677.
Total: 3.368800 ms (FindLiveObjects: 0.729200 ms CreateObjectMapping: 0.067600 ms MarkObjects: 2.547300 ms  DeleteObjects: 0.022800 ms)

========================================================================
Received Prepare
Registering precompiled user dll's ...
Registered in 0.018510 seconds.
Begin MonoManager ReloadAssembly
Native extension for WindowsStandalone target not found
Refreshing native plugins compatible for Editor in 1.59 ms, found 0 plugins.
Preloading 0 native plugins for Editor in 0.00 ms.
Mono: successfully reloaded assembly
- Completed reload, in  1.954 seconds
Platform modules already initialized, skipping
Refreshing native plugins compatible for Editor in 0.36 ms, found 0 plugins.
Preloading 0 native plugins for Editor in 0.00 ms.
Unloading 1179 Unused Serialized files (Serialized files now loaded: 0)
System memory in use before: 71.7 MB.
System memory in use after: 71.8 MB.

Unloading 4 unused Assets to reduce memory usage. Loaded Objects now: 1680.
Total: 5.028800 ms (FindLiveObjects: 0.448600 ms CreateObjectMapping: 1.045800 ms MarkObjects: 3.515100 ms  DeleteObjects: 0.017400 ms)

========================================================================
Received Prepare
Registering precompiled user dll's ...
Registered in 0.001274 seconds.
Begin MonoManager ReloadAssembly
Native extension for WindowsStandalone target not found
Refreshing native plugins compatible for Editor in 0.41 ms, found 0 plugins.
Preloading 0 native plugins for Editor in 0.00 ms.
Mono: successfully reloaded assembly
- Completed reload, in  1.466 seconds
Platform modules already initialized, skipping
Refreshing native plugins compatible for Editor in 0.55 ms, found 0 plugins.
Preloading 0 native plugins for Editor in 0.00 ms.
Unloading 1179 Unused Serialized files (Serialized files now loaded: 0)
System memory in use before: 71.7 MB.
System memory in use after: 71.8 MB.

Unloading 4 unused Assets to reduce memory usage. Loaded Objects now: 1683.
Total: 3.140700 ms (FindLiveObjects: 0.463400 ms CreateObjectMapping: 0.077200 ms MarkObjects: 2.545100 ms  DeleteObjects: 0.045000 ms)

========================================================================
Received Prepare
Registering precompiled user dll's ...
Registered in 0.001181 seconds.
Begin MonoManager ReloadAssembly
Native extension for WindowsStandalone target not found
Refreshing native plugins compatible for Editor in 0.37 ms, found 0 plugins.
Preloading 0 native plugins for Editor in 0.00 ms.
Mono: successfully reloaded assembly
- Completed reload, in  1.427 seconds
Platform modules already initialized, skipping
Refreshing native plugins compatible for Editor in 0.37 ms, found 0 plugins.
Preloading 0 native plugins for Editor in 0.00 ms.
Unloading 1179 Unused Serialized files (Serialized files now loaded: 0)
System memory in use before: 71.7 MB.
System memory in use after: 71.8 MB.

Unloading 4 unused Assets to reduce memory usage. Loaded Objects now: 1686.
Total: 2.099300 ms (FindLiveObjects: 0.150600 ms CreateObjectMapping: 0.043600 ms MarkObjects: 1.741700 ms  DeleteObjects: 0.161600 ms)

========================================================================
Received Prepare
Registering precompiled user dll's ...
Registered in 0.000978 seconds.
Begin MonoManager ReloadAssembly
Native extension for WindowsStandalone target not found
Refreshing native plugins compatible for Editor in 0.30 ms, found 0 plugins.
Preloading 0 native plugins for Editor in 0.00 ms.
Mono: successfully reloaded assembly
- Completed reload, in  1.839 seconds
Platform modules already initialized, skipping
Refreshing native plugins compatible for Editor in 0.33 ms, found 0 plugins.
Preloading 0 native plugins for Editor in 0.00 ms.
Unloading 1179 Unused Serialized files (Serialized files now loaded: 0)
System memory in use before: 71.7 MB.
System memory in use after: 71.8 MB.

Unloading 4 unused Assets to reduce memory usage. Loaded Objects now: 1689.
Total: 2.312300 ms (FindLiveObjects: 0.134100 ms CreateObjectMapping: 0.043400 ms MarkObjects: 2.096000 ms  DeleteObjects: 0.036800 ms)

AssetImportWorkerClient::OnTransportError - code=2 error=End of file
